{"D:\\Laboratoria\\Proyectos\\burger-queen\\burger-queen-api\\src\\config.js": {"path":"D:\\Laboratoria\\Proyectos\\burger-queen\\burger-queen-api\\src\\config.js","statementMap":{},"fnMap":{},"branchMap":{},"s":{},"f":{},"b":{},"_coverageSchema":"1a1c01bbd47fc00a2c39e90264f33305004495a9","hash":"f1838acfbe7362eca6ec0a298117dc1369f69d8e"}
,"D:\\Laboratoria\\Proyectos\\burger-queen\\burger-queen-api\\src\\controllers\\auth.controller.js": {"path":"D:\\Laboratoria\\Proyectos\\burger-queen\\burger-queen-api\\src\\controllers\\auth.controller.js","statementMap":{"0":{"start":{"line":6,"column":21},"end":{"line":47,"column":1}},"1":{"start":{"line":9,"column":6},"end":{"line":9,"column":14}},"2":{"start":{"line":11,"column":2},"end":{"line":13,"column":3}},"3":{"start":{"line":12,"column":4},"end":{"line":12,"column":97}},"4":{"start":{"line":15,"column":2},"end":{"line":46,"column":3}},"5":{"start":{"line":16,"column":15},"end":{"line":16,"column":46}},"6":{"start":{"line":17,"column":4},"end":{"line":35,"column":5}},"7":{"start":{"line":19,"column":24},"end":{"line":24,"column":7}},"8":{"start":{"line":26,"column":6},"end":{"line":26,"column":36}},"9":{"start":{"line":27,"column":6},"end":{"line":27,"column":24}},"10":{"start":{"line":28,"column":6},"end":{"line":28,"column":39}},"11":{"start":{"line":31,"column":28},"end":{"line":31,"column":81}},"12":{"start":{"line":32,"column":6},"end":{"line":34,"column":7}},"13":{"start":{"line":33,"column":8},"end":{"line":33,"column":88}},"14":{"start":{"line":37,"column":18},"end":{"line":39,"column":6}},"15":{"start":{"line":40,"column":4},"end":{"line":40,"column":36}},"16":{"start":{"line":44,"column":4},"end":{"line":44,"column":58}},"17":{"start":{"line":45,"column":4},"end":{"line":45,"column":75}},"18":{"start":{"line":49,"column":23},"end":{"line":61,"column":1}},"19":{"start":{"line":50,"column":2},"end":{"line":60,"column":3}},"20":{"start":{"line":51,"column":4},"end":{"line":56,"column":5}},"21":{"start":{"line":52,"column":6},"end":{"line":52,"column":88}},"22":{"start":{"line":55,"column":6},"end":{"line":55,"column":91}},"23":{"start":{"line":58,"column":4},"end":{"line":58,"column":75}},"24":{"start":{"line":59,"column":4},"end":{"line":59,"column":73}}},"fnMap":{"0":{"name":"(anonymous_0)","decl":{"start":{"line":6,"column":21},"end":{"line":6,"column":22}},"loc":{"start":{"line":6,"column":41},"end":{"line":47,"column":1}},"line":6},"1":{"name":"(anonymous_1)","decl":{"start":{"line":49,"column":23},"end":{"line":49,"column":24}},"loc":{"start":{"line":49,"column":43},"end":{"line":61,"column":1}},"line":49}},"branchMap":{"0":{"loc":{"start":{"line":11,"column":2},"end":{"line":13,"column":3}},"type":"if","locations":[{"start":{"line":11,"column":2},"end":{"line":13,"column":3}},{"start":{},"end":{}}],"line":11},"1":{"loc":{"start":{"line":11,"column":6},"end":{"line":11,"column":25}},"type":"binary-expr","locations":[{"start":{"line":11,"column":6},"end":{"line":11,"column":12}},{"start":{"line":11,"column":16},"end":{"line":11,"column":25}}],"line":11},"2":{"loc":{"start":{"line":17,"column":4},"end":{"line":35,"column":5}},"type":"if","locations":[{"start":{"line":17,"column":4},"end":{"line":35,"column":5}},{"start":{"line":29,"column":11},"end":{"line":35,"column":5}}],"line":17},"3":{"loc":{"start":{"line":32,"column":6},"end":{"line":34,"column":7}},"type":"if","locations":[{"start":{"line":32,"column":6},"end":{"line":34,"column":7}},{"start":{},"end":{}}],"line":32},"4":{"loc":{"start":{"line":51,"column":4},"end":{"line":56,"column":5}},"type":"if","locations":[{"start":{"line":51,"column":4},"end":{"line":56,"column":5}},{"start":{"line":54,"column":11},"end":{"line":56,"column":5}}],"line":51}},"s":{"0":1,"1":2,"2":2,"3":0,"4":2,"5":2,"6":2,"7":1,"8":0,"9":0,"10":0,"11":1,"12":1,"13":1,"14":0,"15":0,"16":1,"17":1,"18":1,"19":2,"20":2,"21":2,"22":0,"23":0,"24":0},"f":{"0":2,"1":2},"b":{"0":[0,2],"1":[2,2],"2":[1,1],"3":[1,0],"4":[2,0]},"_coverageSchema":"1a1c01bbd47fc00a2c39e90264f33305004495a9","hash":"1a15d87133a4a6aeb3782e50fbf01281948451ba"}
,"D:\\Laboratoria\\Proyectos\\burger-queen\\burger-queen-api\\src\\controllers\\orders.controller.js": {"path":"D:\\Laboratoria\\Proyectos\\burger-queen\\burger-queen-api\\src\\controllers\\orders.controller.js","statementMap":{"0":{"start":{"line":3,"column":27},"end":{"line":22,"column":1}},"1":{"start":{"line":6,"column":6},"end":{"line":6,"column":14}},"2":{"start":{"line":7,"column":2},"end":{"line":21,"column":3}},"3":{"start":{"line":8,"column":19},"end":{"line":8,"column":30}},"4":{"start":{"line":10,"column":21},"end":{"line":14,"column":5}},"5":{"start":{"line":15,"column":23},"end":{"line":15,"column":44}},"6":{"start":{"line":16,"column":4},"end":{"line":16,"column":26}},"7":{"start":{"line":17,"column":4},"end":{"line":17,"column":37}},"8":{"start":{"line":19,"column":4},"end":{"line":19,"column":52}},"9":{"start":{"line":20,"column":4},"end":{"line":20,"column":65}},"10":{"start":{"line":24,"column":25},"end":{"line":27,"column":1}},"11":{"start":{"line":25,"column":17},"end":{"line":25,"column":35}},"12":{"start":{"line":26,"column":2},"end":{"line":26,"column":19}},"13":{"start":{"line":29,"column":34},"end":{"line":32,"column":1}},"14":{"start":{"line":30,"column":16},"end":{"line":30,"column":56}},"15":{"start":{"line":31,"column":2},"end":{"line":31,"column":30}},"16":{"start":{"line":35,"column":31},"end":{"line":50,"column":1}},"17":{"start":{"line":36,"column":2},"end":{"line":49,"column":3}},"18":{"start":{"line":37,"column":24},"end":{"line":41,"column":5}},"19":{"start":{"line":42,"column":4},"end":{"line":44,"column":5}},"20":{"start":{"line":43,"column":6},"end":{"line":43,"column":67}},"21":{"start":{"line":45,"column":4},"end":{"line":45,"column":38}},"22":{"start":{"line":47,"column":4},"end":{"line":47,"column":58}},"23":{"start":{"line":48,"column":4},"end":{"line":48,"column":68}},"24":{"start":{"line":52,"column":31},"end":{"line":56,"column":1}},"25":{"start":{"line":53,"column":22},"end":{"line":53,"column":32}},"26":{"start":{"line":54,"column":2},"end":{"line":54,"column":41}},"27":{"start":{"line":55,"column":2},"end":{"line":55,"column":25}}},"fnMap":{"0":{"name":"(anonymous_0)","decl":{"start":{"line":3,"column":27},"end":{"line":3,"column":28}},"loc":{"start":{"line":3,"column":47},"end":{"line":22,"column":1}},"line":3},"1":{"name":"(anonymous_1)","decl":{"start":{"line":24,"column":25},"end":{"line":24,"column":26}},"loc":{"start":{"line":24,"column":45},"end":{"line":27,"column":1}},"line":24},"2":{"name":"(anonymous_2)","decl":{"start":{"line":29,"column":34},"end":{"line":29,"column":35}},"loc":{"start":{"line":29,"column":54},"end":{"line":32,"column":1}},"line":29},"3":{"name":"(anonymous_3)","decl":{"start":{"line":35,"column":31},"end":{"line":35,"column":32}},"loc":{"start":{"line":35,"column":51},"end":{"line":50,"column":1}},"line":35},"4":{"name":"(anonymous_4)","decl":{"start":{"line":52,"column":31},"end":{"line":52,"column":32}},"loc":{"start":{"line":52,"column":51},"end":{"line":56,"column":1}},"line":52}},"branchMap":{"0":{"loc":{"start":{"line":42,"column":4},"end":{"line":44,"column":5}},"type":"if","locations":[{"start":{"line":42,"column":4},"end":{"line":44,"column":5}},{"start":{},"end":{}}],"line":42}},"s":{"0":1,"1":1,"2":1,"3":1,"4":1,"5":1,"6":1,"7":1,"8":0,"9":0,"10":1,"11":1,"12":1,"13":1,"14":1,"15":1,"16":1,"17":1,"18":1,"19":1,"20":0,"21":1,"22":0,"23":0,"24":1,"25":1,"26":1,"27":1},"f":{"0":1,"1":1,"2":1,"3":1,"4":1},"b":{"0":[0,1]},"_coverageSchema":"1a1c01bbd47fc00a2c39e90264f33305004495a9","hash":"ac414ed42d15e64f03fb48b2d9aa057f9c558494"}
,"D:\\Laboratoria\\Proyectos\\burger-queen\\burger-queen-api\\src\\controllers\\products.controller.js": {"path":"D:\\Laboratoria\\Proyectos\\burger-queen\\burger-queen-api\\src\\controllers\\products.controller.js","statementMap":{"0":{"start":{"line":4,"column":29},"end":{"line":17,"column":1}},"1":{"start":{"line":7,"column":6},"end":{"line":7,"column":14}},"2":{"start":{"line":9,"column":21},"end":{"line":13,"column":3}},"3":{"start":{"line":14,"column":23},"end":{"line":14,"column":46}},"4":{"start":{"line":15,"column":2},"end":{"line":15,"column":24}},"5":{"start":{"line":16,"column":2},"end":{"line":16,"column":37}},"6":{"start":{"line":19,"column":27},"end":{"line":22,"column":1}},"7":{"start":{"line":20,"column":19},"end":{"line":20,"column":39}},"8":{"start":{"line":21,"column":2},"end":{"line":21,"column":21}},"9":{"start":{"line":24,"column":30},"end":{"line":30,"column":1}},"10":{"start":{"line":25,"column":19},"end":{"line":25,"column":63}},"11":{"start":{"line":26,"column":2},"end":{"line":28,"column":3}},"12":{"start":{"line":27,"column":4},"end":{"line":27,"column":69}},"13":{"start":{"line":29,"column":2},"end":{"line":29,"column":33}},"14":{"start":{"line":32,"column":33},"end":{"line":37,"column":1}},"15":{"start":{"line":33,"column":24},"end":{"line":35,"column":4}},"16":{"start":{"line":36,"column":2},"end":{"line":36,"column":38}},"17":{"start":{"line":39,"column":33},"end":{"line":43,"column":1}},"18":{"start":{"line":40,"column":24},"end":{"line":40,"column":34}},"19":{"start":{"line":41,"column":2},"end":{"line":41,"column":45}},"20":{"start":{"line":42,"column":2},"end":{"line":42,"column":25}}},"fnMap":{"0":{"name":"(anonymous_0)","decl":{"start":{"line":4,"column":29},"end":{"line":4,"column":30}},"loc":{"start":{"line":4,"column":49},"end":{"line":17,"column":1}},"line":4},"1":{"name":"(anonymous_1)","decl":{"start":{"line":19,"column":27},"end":{"line":19,"column":28}},"loc":{"start":{"line":19,"column":47},"end":{"line":22,"column":1}},"line":19},"2":{"name":"(anonymous_2)","decl":{"start":{"line":24,"column":30},"end":{"line":24,"column":31}},"loc":{"start":{"line":24,"column":50},"end":{"line":30,"column":1}},"line":24},"3":{"name":"(anonymous_3)","decl":{"start":{"line":32,"column":33},"end":{"line":32,"column":34}},"loc":{"start":{"line":32,"column":53},"end":{"line":37,"column":1}},"line":32},"4":{"name":"(anonymous_4)","decl":{"start":{"line":39,"column":33},"end":{"line":39,"column":34}},"loc":{"start":{"line":39,"column":53},"end":{"line":43,"column":1}},"line":39}},"branchMap":{"0":{"loc":{"start":{"line":26,"column":2},"end":{"line":28,"column":3}},"type":"if","locations":[{"start":{"line":26,"column":2},"end":{"line":28,"column":3}},{"start":{},"end":{}}],"line":26}},"s":{"0":1,"1":1,"2":1,"3":1,"4":1,"5":1,"6":1,"7":1,"8":1,"9":1,"10":0,"11":0,"12":0,"13":0,"14":1,"15":0,"16":0,"17":1,"18":1,"19":1,"20":1},"f":{"0":1,"1":1,"2":0,"3":0,"4":1},"b":{"0":[0,0]},"_coverageSchema":"1a1c01bbd47fc00a2c39e90264f33305004495a9","hash":"42a4ca517bcc67fc8dcc75f00c76baef0debca27"}
,"D:\\Laboratoria\\Proyectos\\burger-queen\\burger-queen-api\\src\\controllers\\users.controller.js": {"path":"D:\\Laboratoria\\Proyectos\\burger-queen\\burger-queen-api\\src\\controllers\\users.controller.js","statementMap":{"0":{"start":{"line":5,"column":26},"end":{"line":46,"column":1}},"1":{"start":{"line":8,"column":6},"end":{"line":8,"column":14}},"2":{"start":{"line":9,"column":2},"end":{"line":9,"column":24}},"3":{"start":{"line":10,"column":2},"end":{"line":12,"column":3}},"4":{"start":{"line":11,"column":4},"end":{"line":11,"column":97}},"5":{"start":{"line":13,"column":2},"end":{"line":45,"column":3}},"6":{"start":{"line":14,"column":17},"end":{"line":14,"column":47}},"7":{"start":{"line":15,"column":4},"end":{"line":17,"column":5}},"8":{"start":{"line":16,"column":6},"end":{"line":16,"column":97}},"9":{"start":{"line":19,"column":21},"end":{"line":24,"column":5}},"10":{"start":{"line":26,"column":4},"end":{"line":32,"column":5}},"11":{"start":{"line":27,"column":25},"end":{"line":27,"column":66}},"12":{"start":{"line":28,"column":6},"end":{"line":28,"column":59}},"13":{"start":{"line":28,"column":48},"end":{"line":28,"column":57}},"14":{"start":{"line":30,"column":19},"end":{"line":30,"column":55}},"15":{"start":{"line":31,"column":6},"end":{"line":31,"column":35}},"16":{"start":{"line":33,"column":23},"end":{"line":33,"column":44}},"17":{"start":{"line":34,"column":4},"end":{"line":34,"column":28}},"18":{"start":{"line":36,"column":4},"end":{"line":40,"column":7}},"19":{"start":{"line":43,"column":4},"end":{"line":43,"column":25}},"20":{"start":{"line":44,"column":4},"end":{"line":44,"column":66}},"21":{"start":{"line":48,"column":24},"end":{"line":55,"column":1}},"22":{"start":{"line":49,"column":2},"end":{"line":54,"column":3}},"23":{"start":{"line":50,"column":21},"end":{"line":50,"column":56}},"24":{"start":{"line":51,"column":4},"end":{"line":51,"column":23}},"25":{"start":{"line":53,"column":4},"end":{"line":53,"column":23}},"26":{"start":{"line":56,"column":28},"end":{"line":78,"column":1}},"27":{"start":{"line":57,"column":22},"end":{"line":57,"column":32}},"28":{"start":{"line":60,"column":2},"end":{"line":60,"column":35}},"29":{"start":{"line":62,"column":2},"end":{"line":77,"column":84}},"30":{"start":{"line":63,"column":18},"end":{"line":63,"column":22}},"31":{"start":{"line":64,"column":4},"end":{"line":68,"column":5}},"32":{"start":{"line":65,"column":6},"end":{"line":65,"column":56}},"33":{"start":{"line":67,"column":6},"end":{"line":67,"column":46}},"34":{"start":{"line":69,"column":4},"end":{"line":71,"column":5}},"35":{"start":{"line":70,"column":6},"end":{"line":70,"column":70}},"36":{"start":{"line":72,"column":4},"end":{"line":76,"column":7}},"37":{"start":{"line":77,"column":20},"end":{"line":77,"column":82}},"38":{"start":{"line":80,"column":31},"end":{"line":94,"column":1}},"39":{"start":{"line":81,"column":22},"end":{"line":81,"column":32}},"40":{"start":{"line":83,"column":20},"end":{"line":83,"column":24}},"41":{"start":{"line":84,"column":2},"end":{"line":92,"column":3}},"42":{"start":{"line":85,"column":4},"end":{"line":87,"column":7}},"43":{"start":{"line":89,"column":4},"end":{"line":91,"column":7}},"44":{"start":{"line":93,"column":2},"end":{"line":93,"column":36}},"45":{"start":{"line":96,"column":31},"end":{"line":105,"column":1}},"46":{"start":{"line":97,"column":22},"end":{"line":97,"column":32}},"47":{"start":{"line":99,"column":2},"end":{"line":103,"column":3}},"48":{"start":{"line":100,"column":4},"end":{"line":100,"column":53}},"49":{"start":{"line":102,"column":4},"end":{"line":102,"column":43}},"50":{"start":{"line":104,"column":2},"end":{"line":104,"column":25}}},"fnMap":{"0":{"name":"(anonymous_0)","decl":{"start":{"line":5,"column":26},"end":{"line":5,"column":27}},"loc":{"start":{"line":5,"column":46},"end":{"line":46,"column":1}},"line":5},"1":{"name":"(anonymous_1)","decl":{"start":{"line":28,"column":38},"end":{"line":28,"column":39}},"loc":{"start":{"line":28,"column":48},"end":{"line":28,"column":57}},"line":28},"2":{"name":"(anonymous_2)","decl":{"start":{"line":48,"column":24},"end":{"line":48,"column":25}},"loc":{"start":{"line":48,"column":44},"end":{"line":55,"column":1}},"line":48},"3":{"name":"(anonymous_3)","decl":{"start":{"line":56,"column":28},"end":{"line":56,"column":29}},"loc":{"start":{"line":56,"column":48},"end":{"line":78,"column":1}},"line":56},"4":{"name":"(anonymous_4)","decl":{"start":{"line":80,"column":31},"end":{"line":80,"column":32}},"loc":{"start":{"line":80,"column":51},"end":{"line":94,"column":1}},"line":80},"5":{"name":"(anonymous_5)","decl":{"start":{"line":96,"column":31},"end":{"line":96,"column":32}},"loc":{"start":{"line":96,"column":51},"end":{"line":105,"column":1}},"line":96}},"branchMap":{"0":{"loc":{"start":{"line":10,"column":2},"end":{"line":12,"column":3}},"type":"if","locations":[{"start":{"line":10,"column":2},"end":{"line":12,"column":3}},{"start":{},"end":{}}],"line":10},"1":{"loc":{"start":{"line":10,"column":6},"end":{"line":10,"column":25}},"type":"binary-expr","locations":[{"start":{"line":10,"column":6},"end":{"line":10,"column":12}},{"start":{"line":10,"column":16},"end":{"line":10,"column":25}}],"line":10},"2":{"loc":{"start":{"line":15,"column":4},"end":{"line":17,"column":5}},"type":"if","locations":[{"start":{"line":15,"column":4},"end":{"line":17,"column":5}},{"start":{},"end":{}}],"line":15},"3":{"loc":{"start":{"line":26,"column":4},"end":{"line":32,"column":5}},"type":"if","locations":[{"start":{"line":26,"column":4},"end":{"line":32,"column":5}},{"start":{"line":29,"column":11},"end":{"line":32,"column":5}}],"line":26},"4":{"loc":{"start":{"line":64,"column":4},"end":{"line":68,"column":5}},"type":"if","locations":[{"start":{"line":64,"column":4},"end":{"line":68,"column":5}},{"start":{"line":66,"column":11},"end":{"line":68,"column":5}}],"line":64},"5":{"loc":{"start":{"line":69,"column":4},"end":{"line":71,"column":5}},"type":"if","locations":[{"start":{"line":69,"column":4},"end":{"line":71,"column":5}},{"start":{},"end":{}}],"line":69},"6":{"loc":{"start":{"line":84,"column":2},"end":{"line":92,"column":3}},"type":"if","locations":[{"start":{"line":84,"column":2},"end":{"line":92,"column":3}},{"start":{"line":88,"column":9},"end":{"line":92,"column":3}}],"line":84},"7":{"loc":{"start":{"line":99,"column":2},"end":{"line":103,"column":3}},"type":"if","locations":[{"start":{"line":99,"column":2},"end":{"line":103,"column":3}},{"start":{"line":101,"column":9},"end":{"line":103,"column":3}}],"line":99}},"s":{"0":1,"1":1,"2":1,"3":1,"4":0,"5":1,"6":1,"7":1,"8":0,"9":1,"10":1,"11":1,"12":1,"13":1,"14":0,"15":0,"16":1,"17":1,"18":1,"19":0,"20":0,"21":1,"22":1,"23":1,"24":1,"25":0,"26":1,"27":4,"28":4,"29":4,"30":4,"31":4,"32":2,"33":2,"34":4,"35":2,"36":2,"37":0,"38":1,"39":1,"40":1,"41":1,"42":0,"43":1,"44":1,"45":1,"46":1,"47":1,"48":0,"49":1,"50":1},"f":{"0":1,"1":1,"2":1,"3":4,"4":1,"5":1},"b":{"0":[0,1],"1":[1,1],"2":[0,1],"3":[1,0],"4":[2,2],"5":[2,2],"6":[0,1],"7":[0,1]},"_coverageSchema":"1a1c01bbd47fc00a2c39e90264f33305004495a9","hash":"a111df308c03232a3f99829036a765d60e71ea9d"}
,"D:\\Laboratoria\\Proyectos\\burger-queen\\burger-queen-api\\src\\models\\order.js": {"path":"D:\\Laboratoria\\Proyectos\\burger-queen\\burger-queen-api\\src\\models\\order.js","statementMap":{"0":{"start":{"line":3,"column":19},"end":{"line":33,"column":1}}},"fnMap":{},"branchMap":{},"s":{"0":1},"f":{},"b":{},"_coverageSchema":"1a1c01bbd47fc00a2c39e90264f33305004495a9","hash":"2d98a566cdf16e6f1c7a0bff42559b988c6cd590"}
,"D:\\Laboratoria\\Proyectos\\burger-queen\\burger-queen-api\\src\\models\\product.js": {"path":"D:\\Laboratoria\\Proyectos\\burger-queen\\burger-queen-api\\src\\models\\product.js","statementMap":{"0":{"start":{"line":3,"column":21},"end":{"line":17,"column":1}}},"fnMap":{},"branchMap":{},"s":{"0":1},"f":{},"b":{},"_coverageSchema":"1a1c01bbd47fc00a2c39e90264f33305004495a9","hash":"28bc0fe8811d5e3d36a8094e2773083b421fa9e0"}
,"D:\\Laboratoria\\Proyectos\\burger-queen\\burger-queen-api\\src\\models\\role.js": {"path":"D:\\Laboratoria\\Proyectos\\burger-queen\\burger-queen-api\\src\\models\\role.js","statementMap":{"0":{"start":{"line":3,"column":19},"end":{"line":11,"column":1}}},"fnMap":{},"branchMap":{},"s":{"0":1},"f":{},"b":{},"_coverageSchema":"1a1c01bbd47fc00a2c39e90264f33305004495a9","hash":"a5a1631f34db43915a7fbd23f1c4a10ccba22f0e"}
,"D:\\Laboratoria\\Proyectos\\burger-queen\\burger-queen-api\\src\\models\\user.js": {"path":"D:\\Laboratoria\\Proyectos\\burger-queen\\burger-queen-api\\src\\models\\user.js","statementMap":{"0":{"start":{"line":4,"column":19},"end":{"line":25,"column":1}},"1":{"start":{"line":27,"column":0},"end":{"line":30,"column":2}},"2":{"start":{"line":28,"column":15},"end":{"line":28,"column":39}},"3":{"start":{"line":29,"column":2},"end":{"line":29,"column":37}},"4":{"start":{"line":32,"column":0},"end":{"line":34,"column":2}},"5":{"start":{"line":33,"column":2},"end":{"line":33,"column":51}}},"fnMap":{"0":{"name":"(anonymous_0)","decl":{"start":{"line":27,"column":37},"end":{"line":27,"column":38}},"loc":{"start":{"line":27,"column":57},"end":{"line":30,"column":1}},"line":27},"1":{"name":"(anonymous_1)","decl":{"start":{"line":32,"column":37},"end":{"line":32,"column":38}},"loc":{"start":{"line":32,"column":75},"end":{"line":34,"column":1}},"line":32}},"branchMap":{},"s":{"0":1,"1":1,"2":0,"3":0,"4":1,"5":0},"f":{"0":0,"1":0},"b":{},"_coverageSchema":"1a1c01bbd47fc00a2c39e90264f33305004495a9","hash":"5c1031cb73bb626fe3a12eb1713cfe8885e254a1"}
}
