TN:
SF:src\controllers\products.controller.js
FN:3,(anonymous_0)
FN:18,(anonymous_1)
FN:23,(anonymous_2)
FN:31,(anonymous_3)
FN:38,(anonymous_4)
FNF:5
FNH:3
FNDA:1,(anonymous_0)
FNDA:1,(anonymous_1)
FNDA:0,(anonymous_2)
FNDA:0,(anonymous_3)
FNDA:1,(anonymous_4)
DA:3,1
DA:6,1
DA:8,1
DA:13,1
DA:14,1
DA:15,1
DA:18,1
DA:19,1
DA:20,1
DA:23,1
DA:24,0
DA:25,0
DA:26,0
DA:28,0
DA:31,1
DA:32,0
DA:35,0
DA:38,1
DA:39,1
DA:40,1
DA:41,1
LF:21
LH:15
BRDA:25,0,0,0
BRDA:25,0,1,0
BRF:2
BRH:0
end_of_record
TN:
SF:src\controllers\users.controller.js
FN:5,(anonymous_0)
FN:28,(anonymous_1)
FN:48,(anonymous_2)
FN:56,(anonymous_3)
FN:80,(anonymous_4)
FN:96,(anonymous_5)
FNF:6
FNH:5
FNDA:1,(anonymous_0)
FNDA:1,(anonymous_1)
FNDA:1,(anonymous_2)
FNDA:4,(anonymous_3)
FNDA:0,(anonymous_4)
FNDA:1,(anonymous_5)
DA:5,1
DA:8,1
DA:9,1
DA:10,1
DA:11,0
DA:13,1
DA:14,1
DA:15,1
DA:16,0
DA:19,1
DA:26,1
DA:27,1
DA:28,1
DA:30,0
DA:31,0
DA:33,1
DA:34,1
DA:36,1
DA:43,0
DA:44,0
DA:48,1
DA:49,1
DA:50,1
DA:51,1
DA:53,0
DA:56,1
DA:57,4
DA:60,4
DA:62,4
DA:63,4
DA:64,4
DA:65,2
DA:67,2
DA:69,4
DA:70,2
DA:72,2
DA:77,0
DA:80,1
DA:81,0
DA:83,0
DA:84,0
DA:85,0
DA:89,0
DA:93,0
DA:96,1
DA:97,1
DA:99,1
DA:100,0
DA:102,1
DA:104,1
LF:50
LH:35
BRDA:10,0,0,0
BRDA:10,0,1,1
BRDA:10,1,0,1
BRDA:10,1,1,1
BRDA:15,2,0,0
BRDA:15,2,1,1
BRDA:26,3,0,1
BRDA:26,3,1,0
BRDA:64,4,0,2
BRDA:64,4,1,2
BRDA:69,5,0,2
BRDA:69,5,1,2
BRDA:84,6,0,0
BRDA:84,6,1,0
BRDA:99,7,0,0
BRDA:99,7,1,1
BRF:16
BRH:10
end_of_record
TN:
SF:src\models\product.js
FNF:0
FNH:0
DA:3,1
LF:1
LH:1
BRF:0
BRH:0
end_of_record
TN:
SF:src\models\role.js
FNF:0
FNH:0
DA:3,1
LF:1
LH:1
BRF:0
BRH:0
end_of_record
TN:
SF:src\models\user.js
FN:27,(anonymous_0)
FN:32,(anonymous_1)
FNF:2
FNH:0
FNDA:0,(anonymous_0)
FNDA:0,(anonymous_1)
DA:4,1
DA:27,1
DA:28,0
DA:29,0
DA:32,1
DA:33,0
LF:6
LH:3
BRF:0
BRH:0
end_of_record
